  auddemo.c
  aectest.c
  aviplay.c
  clidemo.c
  confsample.c
  confbench.c
  encdec.c
  httpdemo.c
  icedemo.c
  jbsim.c
  latency.c
  level.c
  mix.c
  pcaputil.c
  pjsip-perf.c
  playfile.c
  playsine.c
  recfile.c
  resampleplay.c
  simpleua.c
  simple_pjsua.c
  sipecho.c
  siprtp.c
..\src\samples\siprtp.c(703): warning C4102: TODO___HANDLE_FORKING: неиспользованная метка
  sipstateless.c
  stateful_proxy.c
  stateless_proxy.c
  stereotest.c
  streamutil.c
  strerror.c
  tonegen.c
  vid_streamutil.c
