e:\my_ended_projects\client_server_chat\sources\myclient_audio\pjproject-2.9\pjmedia\build\output\pjmedia_codec-i386-win32-vc14-release\pjmedia_codec.pdb
e:\my_ended_projects\client_server_chat\sources\myclient_audio\pjproject-2.9\pjmedia\build\output\pjmedia_codec-i386-win32-vc14-release\amr_sdp_match.sbr
e:\my_ended_projects\client_server_chat\sources\myclient_audio\pjproject-2.9\pjmedia\build\output\pjmedia_codec-i386-win32-vc14-release\audio_codecs.sbr
e:\my_ended_projects\client_server_chat\sources\myclient_audio\pjproject-2.9\pjmedia\build\output\pjmedia_codec-i386-win32-vc14-release\bcg729.sbr
e:\my_ended_projects\client_server_chat\sources\myclient_audio\pjproject-2.9\pjmedia\build\output\pjmedia_codec-i386-win32-vc14-release\ffmpeg_vid_codecs.sbr
e:\my_ended_projects\client_server_chat\sources\myclient_audio\pjproject-2.9\pjmedia\build\output\pjmedia_codec-i386-win32-vc14-release\g722.sbr
e:\my_ended_projects\client_server_chat\sources\myclient_audio\pjproject-2.9\pjmedia\build\output\pjmedia_codec-i386-win32-vc14-release\g7221.sbr
e:\my_ended_projects\client_server_chat\sources\myclient_audio\pjproject-2.9\pjmedia\build\output\pjmedia_codec-i386-win32-vc14-release\g7221_sdp_match.sbr
e:\my_ended_projects\client_server_chat\sources\myclient_audio\pjproject-2.9\pjmedia\build\output\pjmedia_codec-i386-win32-vc14-release\g722_dec.sbr
e:\my_ended_projects\client_server_chat\sources\myclient_audio\pjproject-2.9\pjmedia\build\output\pjmedia_codec-i386-win32-vc14-release\g722_enc.sbr
e:\my_ended_projects\client_server_chat\sources\myclient_audio\pjproject-2.9\pjmedia\build\output\pjmedia_codec-i386-win32-vc14-release\gsm.sbr
e:\my_ended_projects\client_server_chat\sources\myclient_audio\pjproject-2.9\pjmedia\build\output\pjmedia_codec-i386-win32-vc14-release\h263_packetizer.sbr
e:\my_ended_projects\client_server_chat\sources\myclient_audio\pjproject-2.9\pjmedia\build\output\pjmedia_codec-i386-win32-vc14-release\h264_packetizer.sbr
e:\my_ended_projects\client_server_chat\sources\myclient_audio\pjproject-2.9\pjmedia\build\output\pjmedia_codec-i386-win32-vc14-release\ilbc.sbr
e:\my_ended_projects\client_server_chat\sources\myclient_audio\pjproject-2.9\pjmedia\build\output\pjmedia_codec-i386-win32-vc14-release\ipp_codecs.sbr
e:\my_ended_projects\client_server_chat\sources\myclient_audio\pjproject-2.9\pjmedia\build\output\pjmedia_codec-i386-win32-vc14-release\l16.sbr
e:\my_ended_projects\client_server_chat\sources\myclient_audio\pjproject-2.9\pjmedia\build\output\pjmedia_codec-i386-win32-vc14-release\opencore_amr.sbr
e:\my_ended_projects\client_server_chat\sources\myclient_audio\pjproject-2.9\pjmedia\build\output\pjmedia_codec-i386-win32-vc14-release\passthrough.sbr
e:\my_ended_projects\client_server_chat\sources\myclient_audio\pjproject-2.9\pjmedia\build\output\pjmedia_codec-i386-win32-vc14-release\silk.sbr
e:\my_ended_projects\client_server_chat\sources\myclient_audio\pjproject-2.9\pjmedia\build\output\pjmedia_codec-i386-win32-vc14-release\speex_codec.sbr
e:\my_ended_projects\client_server_chat\sources\myclient_audio\pjproject-2.9\pjmedia\build\output\pjmedia_codec-i386-win32-vc14-release\speex_codec.obj
e:\my_ended_projects\client_server_chat\sources\myclient_audio\pjproject-2.9\pjmedia\build\output\pjmedia_codec-i386-win32-vc14-release\silk.obj
e:\my_ended_projects\client_server_chat\sources\myclient_audio\pjproject-2.9\pjmedia\build\output\pjmedia_codec-i386-win32-vc14-release\passthrough.obj
e:\my_ended_projects\client_server_chat\sources\myclient_audio\pjproject-2.9\pjmedia\build\output\pjmedia_codec-i386-win32-vc14-release\opencore_amr.obj
e:\my_ended_projects\client_server_chat\sources\myclient_audio\pjproject-2.9\pjmedia\build\output\pjmedia_codec-i386-win32-vc14-release\l16.obj
e:\my_ended_projects\client_server_chat\sources\myclient_audio\pjproject-2.9\pjmedia\build\output\pjmedia_codec-i386-win32-vc14-release\ipp_codecs.obj
e:\my_ended_projects\client_server_chat\sources\myclient_audio\pjproject-2.9\pjmedia\build\output\pjmedia_codec-i386-win32-vc14-release\ilbc.obj
e:\my_ended_projects\client_server_chat\sources\myclient_audio\pjproject-2.9\pjmedia\build\output\pjmedia_codec-i386-win32-vc14-release\h264_packetizer.obj
e:\my_ended_projects\client_server_chat\sources\myclient_audio\pjproject-2.9\pjmedia\build\output\pjmedia_codec-i386-win32-vc14-release\h263_packetizer.obj
e:\my_ended_projects\client_server_chat\sources\myclient_audio\pjproject-2.9\pjmedia\build\output\pjmedia_codec-i386-win32-vc14-release\gsm.obj
e:\my_ended_projects\client_server_chat\sources\myclient_audio\pjproject-2.9\pjmedia\build\output\pjmedia_codec-i386-win32-vc14-release\g722_enc.obj
e:\my_ended_projects\client_server_chat\sources\myclient_audio\pjproject-2.9\pjmedia\build\output\pjmedia_codec-i386-win32-vc14-release\g722_dec.obj
e:\my_ended_projects\client_server_chat\sources\myclient_audio\pjproject-2.9\pjmedia\build\output\pjmedia_codec-i386-win32-vc14-release\g7221_sdp_match.obj
e:\my_ended_projects\client_server_chat\sources\myclient_audio\pjproject-2.9\pjmedia\build\output\pjmedia_codec-i386-win32-vc14-release\g7221.obj
e:\my_ended_projects\client_server_chat\sources\myclient_audio\pjproject-2.9\pjmedia\build\output\pjmedia_codec-i386-win32-vc14-release\g722.obj
e:\my_ended_projects\client_server_chat\sources\myclient_audio\pjproject-2.9\pjmedia\build\output\pjmedia_codec-i386-win32-vc14-release\ffmpeg_vid_codecs.obj
e:\my_ended_projects\client_server_chat\sources\myclient_audio\pjproject-2.9\pjmedia\build\output\pjmedia_codec-i386-win32-vc14-release\bcg729.obj
e:\my_ended_projects\client_server_chat\sources\myclient_audio\pjproject-2.9\pjmedia\build\output\pjmedia_codec-i386-win32-vc14-release\audio_codecs.obj
e:\my_ended_projects\client_server_chat\sources\myclient_audio\pjproject-2.9\pjmedia\build\output\pjmedia_codec-i386-win32-vc14-release\amr_sdp_match.obj
e:\my_ended_projects\client_server_chat\sources\myclient_audio\pjproject-2.9\pjmedia\build\output\pjmedia_codec-i386-win32-vc14-release\
e:\my_ended_projects\client_server_chat\sources\myclient_audio\pjproject-2.9\pjmedia\build\output\pjmedia_codec-i386-win32-vc14-release\pjmedia_codec.tlog\cl.command.1.tlog
e:\my_ended_projects\client_server_chat\sources\myclient_audio\pjproject-2.9\pjmedia\build\output\pjmedia_codec-i386-win32-vc14-release\pjmedia_codec.tlog\cl.read.1.tlog
e:\my_ended_projects\client_server_chat\sources\myclient_audio\pjproject-2.9\pjmedia\build\output\pjmedia_codec-i386-win32-vc14-release\pjmedia_codec.tlog\cl.write.1.tlog
