  alaw_ulaw.c
  alaw_ulaw_table.c
  audiodev.c
  avi_player.c
  bidirectional.c
  clock_thread.c
  codec.c
  conf_switch.c
  conference.c
  converter.c
  converter_libswscale.c
  converter_libyuv.c
  delaybuf.c
  echo_common.c
  echo_port.c
  echo_speex.c
  echo_suppress.c
  echo_webrtc.c
  endpoint.c
  errno.c
  Создание кода...
  Компиляция...
  event.c
  ffmpeg_util.c
  format.c
  g711.c
  jbuf.c
  master_port.c
  mem_capture.c
  mem_player.c
  null_port.c
  plc_common.c
  port.c
  resample_libsamplerate.c
  resample_port.c
  resample_resample.c
  resample_speex.c
  rtcp.c
  rtcp_fb.c
  rtcp_xr.c
  rtp.c
  sdp.c
e:\my_ended_projects\client_server_chat\sources\myclient_audio\pjproject-2.9\pjmedia\src\pjmedia\sdp.c(1100): warning C4102: TODO___PARSE_SDP_CONN_ADDRESS_SUBFIELDS: неиспользованная метка
  Создание кода...
  Компиляция...
  sdp_cmp.c
  sdp_neg.c
e:\my_ended_projects\client_server_chat\sources\myclient_audio\pjproject-2.9\pjmedia\src\pjmedia\sdp_neg.c(747): warning C4102: TODO___CHECK_SDP_NEGOTIATION_WHEN_ASYMETRIC_MEDIA_IS_ALLOWED: неиспользованная метка
  silencedet.c
  sound_legacy.c
  sound_port.c
  splitcomb.c
  stereo_port.c
  stream.c
  stream_common.c
  stream_info.c
  tonegen.c
  transport_adapter_sample.c
  transport_ice.c
  transport_loop.c
  transport_srtp.c
  transport_udp.c
  types.c
  vid_codec.c
  vid_codec_util.c
  vid_conf.c
  Создание кода...
  Компиляция...
  vid_port.c
  vid_stream.c
  vid_stream_info.c
  vid_tee.c
  videodev.c
  wav_player.c
  wav_playlist.c
  wav_writer.c
  wave.c
  wsola.c
  Создание кода...
  pjmedia.vcxproj -> E:\MY_ENDED_PROJECTS\CLIENT_SERVER_CHAT\sources\myclient_audio\pjproject-2.9\pjmedia\build\..\lib\pjmedia-i386-Win32-vc14-Release.lib
